<?xml version="1.0" encoding="UTF-8"?>
<testng-results skipped="0" failed="0" total="6" passed="6">
  <reporter-output>
  </reporter-output>
  <suite name="Default suite" duration-ms="112149" started-at="2022-05-14T15:51:49Z" finished-at="2022-05-14T15:53:41Z">
    <groups>
      <group name="cucumber">
        <method signature="AbstractTestNGCucumberTests.runScenario(cucumber.api.testng.PickleEventWrapper, cucumber.api.testng.CucumberFeatureWrapper)[pri:0, instance:actitime.runner.TestRunner@414f87a9]" name="runScenario" class="cucumber.api.testng.AbstractTestNGCucumberTests"/>
      </group> <!-- cucumber -->
    </groups>
    <test name="Default test" duration-ms="112149" started-at="2022-05-14T15:51:49Z" finished-at="2022-05-14T15:53:41Z">
      <class name="actitime.runner.TestRunner">
        <test-method status="PASS" signature="setUpClass()[pri:0, instance:actitime.runner.TestRunner@414f87a9]" name="setUpClass" is-config="true" duration-ms="469" started-at="2022-05-14T21:21:49Z" finished-at="2022-05-14T21:21:50Z">
          <reporter-output>
          </reporter-output>
        </test-method> <!-- setUpClass -->
        <test-method status="PASS" signature="runScenario(cucumber.api.testng.PickleEventWrapper, cucumber.api.testng.CucumberFeatureWrapper)[pri:0, instance:actitime.runner.TestRunner@414f87a9]" name="runScenario" duration-ms="31693" started-at="2022-05-14T21:21:50Z" description="Runs Cucumber Scenarios" data-provider="scenarios" finished-at="2022-05-14T21:22:22Z">
          <params>
            <param index="0">
              <value>
                <![CDATA["Validate actitime login functionality using valid username and password"]]>
              </value>
            </param>
            <param index="1">
              <value>
                <![CDATA["Acitime Login functinality"]]>
              </value>
            </param>
          </params>
          <reporter-output>
          </reporter-output>
        </test-method> <!-- runScenario -->
        <test-method status="PASS" signature="runScenario(cucumber.api.testng.PickleEventWrapper, cucumber.api.testng.CucumberFeatureWrapper)[pri:0, instance:actitime.runner.TestRunner@414f87a9]" name="runScenario" duration-ms="15975" started-at="2022-05-14T21:22:22Z" description="Runs Cucumber Scenarios" data-provider="scenarios" finished-at="2022-05-14T21:22:38Z">
          <params>
            <param index="0">
              <value>
                <![CDATA["Validate actitime login functionality using valid credential"]]>
              </value>
            </param>
            <param index="1">
              <value>
                <![CDATA["Acitime Login functinality"]]>
              </value>
            </param>
          </params>
          <reporter-output>
          </reporter-output>
        </test-method> <!-- runScenario -->
        <test-method status="PASS" signature="runScenario(cucumber.api.testng.PickleEventWrapper, cucumber.api.testng.CucumberFeatureWrapper)[pri:0, instance:actitime.runner.TestRunner@414f87a9]" name="runScenario" duration-ms="14336" started-at="2022-05-14T21:22:38Z" description="Runs Cucumber Scenarios" data-provider="scenarios" finished-at="2022-05-14T21:22:52Z">
          <params>
            <param index="0">
              <value>
                <![CDATA["Validate actitime login functionality using invalid credential"]]>
              </value>
            </param>
            <param index="1">
              <value>
                <![CDATA["Acitime Login functinality"]]>
              </value>
            </param>
          </params>
          <reporter-output>
          </reporter-output>
        </test-method> <!-- runScenario -->
        <test-method status="PASS" signature="runScenario(cucumber.api.testng.PickleEventWrapper, cucumber.api.testng.CucumberFeatureWrapper)[pri:0, instance:actitime.runner.TestRunner@414f87a9]" name="runScenario" duration-ms="20087" started-at="2022-05-14T21:22:52Z" description="Runs Cucumber Scenarios" data-provider="scenarios" finished-at="2022-05-14T21:23:12Z">
          <params>
            <param index="0">
              <value>
                <![CDATA["Validate login functionality using valid credential for actitime application"]]>
              </value>
            </param>
            <param index="1">
              <value>
                <![CDATA["Acitime Login functinality"]]>
              </value>
            </param>
          </params>
          <reporter-output>
          </reporter-output>
        </test-method> <!-- runScenario -->
        <test-method status="PASS" signature="runScenario(cucumber.api.testng.PickleEventWrapper, cucumber.api.testng.CucumberFeatureWrapper)[pri:0, instance:actitime.runner.TestRunner@414f87a9]" name="runScenario" duration-ms="15612" started-at="2022-05-14T21:23:12Z" description="Runs Cucumber Scenarios" data-provider="scenarios" finished-at="2022-05-14T21:23:28Z">
          <params>
            <param index="0">
              <value>
                <![CDATA["Validate login functionality using invalid credential for actitime application"]]>
              </value>
            </param>
            <param index="1">
              <value>
                <![CDATA["Acitime Login functinality"]]>
              </value>
            </param>
          </params>
          <reporter-output>
          </reporter-output>
        </test-method> <!-- runScenario -->
        <test-method status="PASS" signature="runScenario(cucumber.api.testng.PickleEventWrapper, cucumber.api.testng.CucumberFeatureWrapper)[pri:0, instance:actitime.runner.TestRunner@414f87a9]" name="runScenario" duration-ms="13694" started-at="2022-05-14T21:23:28Z" description="Runs Cucumber Scenarios" data-provider="scenarios" finished-at="2022-05-14T21:23:41Z">
          <params>
            <param index="0">
              <value>
                <![CDATA["Validate login functionality using invalid credential for actitime application"]]>
              </value>
            </param>
            <param index="1">
              <value>
                <![CDATA["Acitime Login functinality"]]>
              </value>
            </param>
          </params>
          <reporter-output>
          </reporter-output>
        </test-method> <!-- runScenario -->
        <test-method status="PASS" signature="tearDownClass()[pri:0, instance:actitime.runner.TestRunner@414f87a9]" name="tearDownClass" is-config="true" duration-ms="105" started-at="2022-05-14T21:23:41Z" finished-at="2022-05-14T21:23:41Z">
          <reporter-output>
          </reporter-output>
        </test-method> <!-- tearDownClass -->
      </class> <!-- actitime.runner.TestRunner -->
    </test> <!-- Default test -->
  </suite> <!-- Default suite -->
</testng-results>
